Sender: LSF System <lsfadmin@eu-ms-026-33>
Subject: Job 56315081: <matlab -nodisplay -nojvm -singleCompThread -r DynLAsymmetry_01> in cluster <euler> Done

Job <matlab -nodisplay -nojvm -singleCompThread -r DynLAsymmetry_01> was submitted from host <eu-login-06> by user <carlosme> in cluster <euler> at Thu Jan 25 18:47:39 2018.
Job was executed on host(s) <eu-ms-026-33>, in queue <normal.120h>, as user <carlosme> in cluster <euler> at Thu Jan 25 18:48:41 2018.
</cluster/home/carlosme> was used as the home directory.
</cluster/home/carlosme/DistanceDegreeAsym/M0.3> was used as the working directory.
Started at Thu Jan 25 18:48:41 2018.
Terminated at Fri Jan 26 04:56:24 2018.
Results reported at Fri Jan 26 04:56:24 2018.

Your job looked like:

------------------------------------------------------------
# LSBATCH: User input
matlab -nodisplay -nojvm -singleCompThread -r DynLAsymmetry_01
------------------------------------------------------------

Successfully completed.

Resource usage summary:

    CPU time :                                   37288.23 sec.
    Max Memory :                                 171 MB
    Average Memory :                             162.06 MB
    Total Requested Memory :                     1024.00 MB
    Delta Memory :                               853.00 MB
    Max Swap :                                   -
    Max Processes :                              3
    Max Threads :                                9
    Run time :                                   36465 sec.
    Turnaround time :                            36525 sec.

The output (if any) follows:


                            < M A T L A B (R) >
                  Copyright 1984-2015 The MathWorks, Inc.
                   R2015a (8.5.0.197613) 64-bit (glnxa64)
                             February 12, 2015

 
For online documentation, see http://www.mathworks.com/support
For product information, visit www.mathworks.com.
 

	Academic License

>> Your MATLAB session has timed out.  All license keys have been returned.


PS:

Read file <56315081.err> for stderr output of this job.

