Sender: LSF System <lsfadmin@eu-ms-026-08>
Subject: Job 56315141: <matlab -nodisplay -nojvm -singleCompThread -r DynLAsymmetry_09> in cluster <euler> Done

Job <matlab -nodisplay -nojvm -singleCompThread -r DynLAsymmetry_09> was submitted from host <eu-login-06> by user <carlosme> in cluster <euler> at Thu Jan 25 18:48:44 2018.
Job was executed on host(s) <eu-ms-026-08>, in queue <normal.120h>, as user <carlosme> in cluster <euler> at Thu Jan 25 18:50:04 2018.
</cluster/home/carlosme> was used as the home directory.
</cluster/home/carlosme/DistanceDegreeAsym/M0.3> was used as the working directory.
Started at Thu Jan 25 18:50:04 2018.
Terminated at Sat Jan 27 04:36:06 2018.
Results reported at Sat Jan 27 04:36:06 2018.

Your job looked like:

------------------------------------------------------------
# LSBATCH: User input
matlab -nodisplay -nojvm -singleCompThread -r DynLAsymmetry_09
------------------------------------------------------------

Successfully completed.

Resource usage summary:

    CPU time :                                   122409.90 sec.
    Max Memory :                                 276 MB
    Average Memory :                             234.06 MB
    Total Requested Memory :                     1024.00 MB
    Delta Memory :                               748.00 MB
    Max Swap :                                   -
    Max Processes :                              3
    Max Threads :                                9
    Run time :                                   121577 sec.
    Turnaround time :                            121642 sec.

The output (if any) follows:


                            < M A T L A B (R) >
                  Copyright 1984-2015 The MathWorks, Inc.
                   R2015a (8.5.0.197613) 64-bit (glnxa64)
                             February 12, 2015

 
For online documentation, see http://www.mathworks.com/support
For product information, visit www.mathworks.com.
 

	Academic License

>> Your MATLAB session has timed out.  All license keys have been returned.


PS:

Read file <56315141.err> for stderr output of this job.

