Sender: LSF System <lsfadmin@eu-ms-010-31>
Subject: Job 56315125: <matlab -nodisplay -nojvm -singleCompThread -r DynLAsymmetry_07> in cluster <euler> Done

Job <matlab -nodisplay -nojvm -singleCompThread -r DynLAsymmetry_07> was submitted from host <eu-login-06> by user <carlosme> in cluster <euler> at Thu Jan 25 18:48:28 2018.
Job was executed on host(s) <eu-ms-010-31>, in queue <normal.120h>, as user <carlosme> in cluster <euler> at Thu Jan 25 18:49:21 2018.
</cluster/home/carlosme> was used as the home directory.
</cluster/home/carlosme/DistanceDegreeAsym/M0.3> was used as the working directory.
Started at Thu Jan 25 18:49:21 2018.
Terminated at Sat Jan 27 03:14:02 2018.
Results reported at Sat Jan 27 03:14:02 2018.

Your job looked like:

------------------------------------------------------------
# LSBATCH: User input
matlab -nodisplay -nojvm -singleCompThread -r DynLAsymmetry_07
------------------------------------------------------------

Successfully completed.

Resource usage summary:

    CPU time :                                   117491.61 sec.
    Max Memory :                                 217 MB
    Average Memory :                             174.47 MB
    Total Requested Memory :                     1024.00 MB
    Delta Memory :                               807.00 MB
    Max Swap :                                   -
    Max Processes :                              3
    Max Threads :                                9
    Run time :                                   116692 sec.
    Turnaround time :                            116734 sec.

The output (if any) follows:


                            < M A T L A B (R) >
                  Copyright 1984-2015 The MathWorks, Inc.
                   R2015a (8.5.0.197613) 64-bit (glnxa64)
                             February 12, 2015

 
For online documentation, see http://www.mathworks.com/support
For product information, visit www.mathworks.com.
 

	Academic License

>> Your MATLAB session has timed out.  All license keys have been returned.


PS:

Read file <56315125.err> for stderr output of this job.

