Sender: LSF System <lsfadmin@eu-ms-001-42>
Subject: Job 56315090: <matlab -nodisplay -nojvm -singleCompThread -r DynLAsymmetry_02> in cluster <euler> Done

Job <matlab -nodisplay -nojvm -singleCompThread -r DynLAsymmetry_02> was submitted from host <eu-login-06> by user <carlosme> in cluster <euler> at Thu Jan 25 18:47:52 2018.
Job was executed on host(s) <eu-ms-001-42>, in queue <normal.120h>, as user <carlosme> in cluster <euler> at Thu Jan 25 18:48:41 2018.
</cluster/home/carlosme> was used as the home directory.
</cluster/home/carlosme/DistanceDegreeAsym/M0.3> was used as the working directory.
Started at Thu Jan 25 18:48:41 2018.
Terminated at Fri Jan 26 05:36:59 2018.
Results reported at Fri Jan 26 05:36:59 2018.

Your job looked like:

------------------------------------------------------------
# LSBATCH: User input
matlab -nodisplay -nojvm -singleCompThread -r DynLAsymmetry_02
------------------------------------------------------------

Successfully completed.

Resource usage summary:

    CPU time :                                   39664.61 sec.
    Max Memory :                                 183 MB
    Average Memory :                             158.07 MB
    Total Requested Memory :                     1024.00 MB
    Delta Memory :                               841.00 MB
    Max Swap :                                   -
    Max Processes :                              3
    Max Threads :                                9
    Run time :                                   38901 sec.
    Turnaround time :                            38947 sec.

The output (if any) follows:


                            < M A T L A B (R) >
                  Copyright 1984-2015 The MathWorks, Inc.
                   R2015a (8.5.0.197613) 64-bit (glnxa64)
                             February 12, 2015

 
For online documentation, see http://www.mathworks.com/support
For product information, visit www.mathworks.com.
 

	Academic License

>> Your MATLAB session has timed out.  All license keys have been returned.


PS:

Read file <56315090.err> for stderr output of this job.

