Sender: LSF System <lsfadmin@eu-c7-086-10>
Subject: Job 53198500: <matlab -nodisplay -nojvm -singleCompThread -r DynLOct> in cluster <euler> Done

Job <matlab -nodisplay -nojvm -singleCompThread -r DynLOct> was submitted from host <eu-login-06> by user <carlosme> in cluster <euler> at Tue Nov 21 16:46:05 2017.
Job was executed on host(s) <eu-c7-086-10>, in queue <normal.120h>, as user <carlosme> in cluster <euler> at Tue Nov 21 19:01:11 2017.
</cluster/home/carlosme> was used as the home directory.
</cluster/home/carlosme/StaticLandscape/RunSequal100m0.1> was used as the working directory.
Started at Tue Nov 21 19:01:11 2017.
Terminated at Thu Nov 23 16:15:46 2017.
Results reported at Thu Nov 23 16:15:46 2017.

Your job looked like:

------------------------------------------------------------
# LSBATCH: User input
matlab -nodisplay -nojvm -singleCompThread -r DynLOct
------------------------------------------------------------

Successfully completed.

Resource usage summary:

    CPU time :                                   164062.80 sec.
    Max Memory :                                 113 MB
    Average Memory :                             112.94 MB
    Total Requested Memory :                     1024.00 MB
    Delta Memory :                               911.00 MB
    Max Swap :                                   -
    Max Processes :                              3
    Max Threads :                                9
    Run time :                                   162877 sec.
    Turnaround time :                            170981 sec.

The output (if any) follows:


                            < M A T L A B (R) >
                  Copyright 1984-2015 The MathWorks, Inc.
                   R2015a (8.5.0.197613) 64-bit (glnxa64)
                             February 12, 2015

 
For online documentation, see http://www.mathworks.com/support
For product information, visit www.mathworks.com.
 
    ----------------------------------------------------
	Your MATLAB license will expire in 39 days.
	Please contact your system administrator or
	MathWorks to renew this license.
    ----------------------------------------------------

	Academic License

>> Your MATLAB session has timed out.  All license keys have been returned.


PS:

Read file <53198500.err> for stderr output of this job.

