Sender: LSF System <lsfadmin@eu-ms-003-23>
Subject: Job 55862367: <matlab -nodisplay -nojvm -singleCompThread -r DynLSymmetry_06> in cluster <euler> Done

Job <matlab -nodisplay -nojvm -singleCompThread -r DynLSymmetry_06> was submitted from host <eu-login-06> by user <carlosme> in cluster <euler> at Thu Jan 18 11:11:43 2018.
Job was executed on host(s) <eu-ms-003-23>, in queue <normal.120h>, as user <carlosme> in cluster <euler> at Thu Jan 18 11:12:29 2018.
</cluster/home/carlosme> was used as the home directory.
</cluster/home/carlosme/Symmetry/M0.1> was used as the working directory.
Started at Thu Jan 18 11:12:29 2018.
Terminated at Fri Jan 19 03:46:31 2018.
Results reported at Fri Jan 19 03:46:31 2018.

Your job looked like:

------------------------------------------------------------
# LSBATCH: User input
matlab -nodisplay -nojvm -singleCompThread -r DynLSymmetry_06
------------------------------------------------------------

Successfully completed.

Resource usage summary:

    CPU time :                                   61110.73 sec.
    Max Memory :                                 132 MB
    Average Memory :                             126.17 MB
    Total Requested Memory :                     1024.00 MB
    Delta Memory :                               892.00 MB
    Max Swap :                                   -
    Max Processes :                              3
    Max Threads :                                9
    Run time :                                   59646 sec.
    Turnaround time :                            59688 sec.

The output (if any) follows:


                            < M A T L A B (R) >
                  Copyright 1984-2015 The MathWorks, Inc.
                   R2015a (8.5.0.197613) 64-bit (glnxa64)
                             February 12, 2015

 
For online documentation, see http://www.mathworks.com/support
For product information, visit www.mathworks.com.
 

	Academic License

>> Your MATLAB session has timed out.  All license keys have been returned.


PS:

Read file <55862367.err> for stderr output of this job.

