Sender: LSF System <lsfadmin@eu-ms-008-42>
Subject: Job 55862426: <matlab -nodisplay -nojvm -singleCompThread -r DynLSymmetry_10> in cluster <euler> Done

Job <matlab -nodisplay -nojvm -singleCompThread -r DynLSymmetry_10> was submitted from host <eu-login-06> by user <carlosme> in cluster <euler> at Thu Jan 18 11:12:12 2018.
Job was executed on host(s) <eu-ms-008-42>, in queue <normal.120h>, as user <carlosme> in cluster <euler> at Thu Jan 18 11:13:06 2018.
</cluster/home/carlosme> was used as the home directory.
</cluster/home/carlosme/Symmetry/M0.1> was used as the working directory.
Started at Thu Jan 18 11:13:06 2018.
Terminated at Fri Jan 19 06:30:35 2018.
Results reported at Fri Jan 19 06:30:35 2018.

Your job looked like:

------------------------------------------------------------
# LSBATCH: User input
matlab -nodisplay -nojvm -singleCompThread -r DynLSymmetry_10
------------------------------------------------------------

Successfully completed.

Resource usage summary:

    CPU time :                                   70516.42 sec.
    Max Memory :                                 235 MB
    Average Memory :                             157.70 MB
    Total Requested Memory :                     1024.00 MB
    Delta Memory :                               789.00 MB
    Max Swap :                                   -
    Max Processes :                              3
    Max Threads :                                9
    Run time :                                   69451 sec.
    Turnaround time :                            69503 sec.

The output (if any) follows:


                            < M A T L A B (R) >
                  Copyright 1984-2015 The MathWorks, Inc.
                   R2015a (8.5.0.197613) 64-bit (glnxa64)
                             February 12, 2015

 
For online documentation, see http://www.mathworks.com/support
For product information, visit www.mathworks.com.
 

	Academic License

>> Your MATLAB session has timed out.  All license keys have been returned.


PS:

Read file <55862426.err> for stderr output of this job.

