Sender: LSF System <lsfadmin@eu-ms-026-07>
Subject: Job 55862397: <matlab -nodisplay -nojvm -singleCompThread -r DynLSymmetry_08> in cluster <euler> Exited

Job <matlab -nodisplay -nojvm -singleCompThread -r DynLSymmetry_08> was submitted from host <eu-login-06> by user <carlosme> in cluster <euler> at Thu Jan 18 11:11:57 2018.
Job was executed on host(s) <eu-ms-026-07>, in queue <normal.120h>, as user <carlosme> in cluster <euler> at Thu Jan 18 11:13:06 2018.
</cluster/home/carlosme> was used as the home directory.
</cluster/home/carlosme/Symmetry/M0.1> was used as the working directory.
Started at Thu Jan 18 11:13:06 2018.
Terminated at Thu Jan 18 14:03:35 2018.
Results reported at Thu Jan 18 14:03:35 2018.

Your job looked like:

------------------------------------------------------------
# LSBATCH: User input
matlab -nodisplay -nojvm -singleCompThread -r DynLSymmetry_08
------------------------------------------------------------

TERM_MEMLIMIT: job killed after reaching LSF memory usage limit.
Exited with signal termination: 25.

Resource usage summary:

    CPU time :                                   10446.11 sec.
    Max Memory :                                 3072 MB
    Average Memory :                             283.65 MB
    Total Requested Memory :                     1024.00 MB
    Delta Memory :                               -2048.00 MB
    Max Swap :                                   -
    Max Processes :                              3
    Max Threads :                                9
    Run time :                                   10231 sec.
    Turnaround time :                            10298 sec.

The output (if any) follows:


                            < M A T L A B (R) >
                  Copyright 1984-2015 The MathWorks, Inc.
                   R2015a (8.5.0.197613) 64-bit (glnxa64)
                             February 12, 2015

 
For online documentation, see http://www.mathworks.com/support
For product information, visit www.mathworks.com.
 

	Academic License


>> 

PS:

Read file <55862397.err> for stderr output of this job.

