Sender: LSF System <lsfadmin@eu-ms-016-23>
Subject: Job 55862612: <matlab -nodisplay -nojvm -singleCompThread -r DynLSymmetry_09> in cluster <euler> Exited

Job <matlab -nodisplay -nojvm -singleCompThread -r DynLSymmetry_09> was submitted from host <eu-login-06> by user <carlosme> in cluster <euler> at Thu Jan 18 11:13:59 2018.
Job was executed on host(s) <eu-ms-016-23>, in queue <normal.120h>, as user <carlosme> in cluster <euler> at Thu Jan 18 11:15:05 2018.
</cluster/home/carlosme> was used as the home directory.
</cluster/home/carlosme/DistanceAsym/M0.3> was used as the working directory.
Started at Thu Jan 18 11:15:05 2018.
Terminated at Thu Jan 18 14:06:39 2018.
Results reported at Thu Jan 18 14:06:39 2018.

Your job looked like:

------------------------------------------------------------
# LSBATCH: User input
matlab -nodisplay -nojvm -singleCompThread -r DynLSymmetry_09
------------------------------------------------------------

TERM_MEMLIMIT: job killed after reaching LSF memory usage limit.
Exited with signal termination: 25.

Resource usage summary:

    CPU time :                                   10303.62 sec.
    Max Memory :                                 3072 MB
    Average Memory :                             151.63 MB
    Total Requested Memory :                     1024.00 MB
    Delta Memory :                               -2048.00 MB
    Max Swap :                                   -
    Max Processes :                              3
    Max Threads :                                9
    Run time :                                   10299 sec.
    Turnaround time :                            10360 sec.

The output (if any) follows:


                            < M A T L A B (R) >
                  Copyright 1984-2015 The MathWorks, Inc.
                   R2015a (8.5.0.197613) 64-bit (glnxa64)
                             February 12, 2015

 
For online documentation, see http://www.mathworks.com/support
For product information, visit www.mathworks.com.
 

	Academic License


>> 

PS:

Read file <55862612.err> for stderr output of this job.

