Sender: LSF System <lsfadmin@eu-ms-001-20>
Subject: Job 55657864: <matlab -nodisplay -nojvm -singleCompThread -r DynLSymmetry_07> in cluster <euler> Done

Job <matlab -nodisplay -nojvm -singleCompThread -r DynLSymmetry_07> was submitted from host <eu-login-01> by user <carlosme> in cluster <euler> at Mon Jan 15 20:40:32 2018.
Job was executed on host(s) <eu-ms-001-20>, in queue <normal.120h>, as user <carlosme> in cluster <euler> at Mon Jan 15 20:40:56 2018.
</cluster/home/carlosme> was used as the home directory.
</cluster/home/carlosme/Sym> was used as the working directory.
Started at Mon Jan 15 20:40:56 2018.
Terminated at Tue Jan 16 08:05:55 2018.
Results reported at Tue Jan 16 08:05:55 2018.

Your job looked like:

------------------------------------------------------------
# LSBATCH: User input
matlab -nodisplay -nojvm -singleCompThread -r DynLSymmetry_07
------------------------------------------------------------

Successfully completed.

Resource usage summary:

    CPU time :                                   41857.21 sec.
    Max Memory :                                 255 MB
    Average Memory :                             136.85 MB
    Total Requested Memory :                     1024.00 MB
    Delta Memory :                               769.00 MB
    Max Swap :                                   -
    Max Processes :                              3
    Max Threads :                                9
    Run time :                                   41116 sec.
    Turnaround time :                            41123 sec.

The output (if any) follows:


                            < M A T L A B (R) >
                  Copyright 1984-2015 The MathWorks, Inc.
                   R2015a (8.5.0.197613) 64-bit (glnxa64)
                             February 12, 2015

 
For online documentation, see http://www.mathworks.com/support
For product information, visit www.mathworks.com.
 

	Academic License

>> Your MATLAB session has timed out.  All license keys have been returned.


PS:

Read file <55657864.err> for stderr output of this job.

