Sender: LSF System <lsfadmin@eu-c7-057-04>
Subject: Job 55657818: <matlab -nodisplay -nojvm -singleCompThread -r DynLSymmetry_03> in cluster <euler> Done

Job <matlab -nodisplay -nojvm -singleCompThread -r DynLSymmetry_03> was submitted from host <eu-login-01> by user <carlosme> in cluster <euler> at Mon Jan 15 20:40:00 2018.
Job was executed on host(s) <eu-c7-057-04>, in queue <normal.120h>, as user <carlosme> in cluster <euler> at Mon Jan 15 20:40:25 2018.
</cluster/home/carlosme> was used as the home directory.
</cluster/home/carlosme/Sym> was used as the working directory.
Started at Mon Jan 15 20:40:25 2018.
Terminated at Tue Jan 16 17:04:29 2018.
Results reported at Tue Jan 16 17:04:29 2018.

Your job looked like:

------------------------------------------------------------
# LSBATCH: User input
matlab -nodisplay -nojvm -singleCompThread -r DynLSymmetry_03
------------------------------------------------------------

Successfully completed.

Resource usage summary:

    CPU time :                                   74465.03 sec.
    Max Memory :                                 282 MB
    Average Memory :                             280.20 MB
    Total Requested Memory :                     1024.00 MB
    Delta Memory :                               742.00 MB
    Max Swap :                                   -
    Max Processes :                              3
    Max Threads :                                9
    Run time :                                   73474 sec.
    Turnaround time :                            73469 sec.

The output (if any) follows:


                            < M A T L A B (R) >
                  Copyright 1984-2015 The MathWorks, Inc.
                   R2015a (8.5.0.197613) 64-bit (glnxa64)
                             February 12, 2015

 
For online documentation, see http://www.mathworks.com/support
For product information, visit www.mathworks.com.
 

	Academic License

>> Your MATLAB session has timed out.  All license keys have been returned.


PS:

Read file <55657818.err> for stderr output of this job.

