Sender: LSF System <lsfadmin@eu-ms-004-07>
Subject: Job 55657839: <matlab -nodisplay -nojvm -singleCompThread -r DynLSymmetry_05> in cluster <euler> Done

Job <matlab -nodisplay -nojvm -singleCompThread -r DynLSymmetry_05> was submitted from host <eu-login-01> by user <carlosme> in cluster <euler> at Mon Jan 15 20:40:17 2018.
Job was executed on host(s) <eu-ms-004-07>, in queue <normal.120h>, as user <carlosme> in cluster <euler> at Mon Jan 15 20:40:56 2018.
</cluster/home/carlosme> was used as the home directory.
</cluster/home/carlosme/Sym> was used as the working directory.
Started at Mon Jan 15 20:40:56 2018.
Terminated at Tue Jan 16 08:01:00 2018.
Results reported at Tue Jan 16 08:01:00 2018.

Your job looked like:

------------------------------------------------------------
# LSBATCH: User input
matlab -nodisplay -nojvm -singleCompThread -r DynLSymmetry_05
------------------------------------------------------------

Successfully completed.

Resource usage summary:

    CPU time :                                   41648.91 sec.
    Max Memory :                                 142 MB
    Average Memory :                             131.25 MB
    Total Requested Memory :                     1024.00 MB
    Delta Memory :                               882.00 MB
    Max Swap :                                   -
    Max Processes :                              3
    Max Threads :                                9
    Run time :                                   40807 sec.
    Turnaround time :                            40843 sec.

The output (if any) follows:


                            < M A T L A B (R) >
                  Copyright 1984-2015 The MathWorks, Inc.
                   R2015a (8.5.0.197613) 64-bit (glnxa64)
                             February 12, 2015

 
For online documentation, see http://www.mathworks.com/support
For product information, visit www.mathworks.com.
 

	Academic License

>> Your MATLAB session has timed out.  All license keys have been returned.


PS:

Read file <55657839.err> for stderr output of this job.

