Sender: LSF System <lsfadmin@eu-ms-001-31>
Subject: Job 55657684: <matlab -nodisplay -nojvm -singleCompThread -r DynLAsymmetry_02> in cluster <euler> Done

Job <matlab -nodisplay -nojvm -singleCompThread -r DynLAsymmetry_02> was submitted from host <eu-login-01> by user <carlosme> in cluster <euler> at Mon Jan 15 20:38:17 2018.
Job was executed on host(s) <eu-ms-001-31>, in queue <normal.120h>, as user <carlosme> in cluster <euler> at Mon Jan 15 20:39:00 2018.
</cluster/home/carlosme> was used as the home directory.
</cluster/home/carlosme/Asym> was used as the working directory.
Started at Mon Jan 15 20:39:00 2018.
Terminated at Tue Jan 16 06:00:59 2018.
Results reported at Tue Jan 16 06:00:59 2018.

Your job looked like:

------------------------------------------------------------
# LSBATCH: User input
matlab -nodisplay -nojvm -singleCompThread -r DynLAsymmetry_02
------------------------------------------------------------

Successfully completed.

Resource usage summary:

    CPU time :                                   34531.32 sec.
    Max Memory :                                 284 MB
    Average Memory :                             281.01 MB
    Total Requested Memory :                     1024.00 MB
    Delta Memory :                               740.00 MB
    Max Swap :                                   -
    Max Processes :                              3
    Max Threads :                                9
    Run time :                                   33725 sec.
    Turnaround time :                            33762 sec.

The output (if any) follows:


                            < M A T L A B (R) >
                  Copyright 1984-2015 The MathWorks, Inc.
                   R2015a (8.5.0.197613) 64-bit (glnxa64)
                             February 12, 2015

 
For online documentation, see http://www.mathworks.com/support
For product information, visit www.mathworks.com.
 

	Academic License

>> Your MATLAB session has timed out.  All license keys have been returned.


PS:

Read file <55657684.err> for stderr output of this job.

