Sender: LSF System <lsfadmin@eu-ms-015-16>
Subject: Job 55862321: <matlab -nodisplay -nojvm -singleCompThread -r DynLSymmetry_03> in cluster <euler> Done

Job <matlab -nodisplay -nojvm -singleCompThread -r DynLSymmetry_03> was submitted from host <eu-login-06> by user <carlosme> in cluster <euler> at Thu Jan 18 11:11:21 2018.
Job was executed on host(s) <eu-ms-015-16>, in queue <normal.120h>, as user <carlosme> in cluster <euler> at Thu Jan 18 11:12:29 2018.
</cluster/home/carlosme> was used as the home directory.
</cluster/home/carlosme/Symmetry/M0.1> was used as the working directory.
Started at Thu Jan 18 11:12:29 2018.
Terminated at Fri Jan 19 05:25:47 2018.
Results reported at Fri Jan 19 05:25:47 2018.

Your job looked like:

------------------------------------------------------------
# LSBATCH: User input
matlab -nodisplay -nojvm -singleCompThread -r DynLSymmetry_03
------------------------------------------------------------

Successfully completed.

Resource usage summary:

    CPU time :                                   67248.55 sec.
    Max Memory :                                 291 MB
    Average Memory :                             288.48 MB
    Total Requested Memory :                     1024.00 MB
    Delta Memory :                               733.00 MB
    Max Swap :                                   -
    Max Processes :                              3
    Max Threads :                                9
    Run time :                                   65607 sec.
    Turnaround time :                            65666 sec.

The output (if any) follows:


                            < M A T L A B (R) >
                  Copyright 1984-2015 The MathWorks, Inc.
                   R2015a (8.5.0.197613) 64-bit (glnxa64)
                             February 12, 2015

 
For online documentation, see http://www.mathworks.com/support
For product information, visit www.mathworks.com.
 

	Academic License

>> Your MATLAB session has timed out.  All license keys have been returned.


PS:

Read file <55862321.err> for stderr output of this job.

