{Operation terminated by user during unifrnd (line 37)


In DynLSymmetry_02 (line 107)
                ep=unifrnd(0,1,1);  %event probability
} 

------------------------------------------------------------------------
       Segmentation violation detected at Thu Jan 18 14:04:37 2018
------------------------------------------------------------------------

Configuration:
  Crash Decoding      : Disabled
  Crash Mode          : continue (default)
  Current Graphics Driver: Unknown software 
  Current Visual      : None
  Default Encoding    : UTF-8
  GNU C Library       : 2.17 stable
  Host Name           : eu-ms-027-26
  MATLAB Architecture : glnxa64
  MATLAB Root         : /cluster/apps/matlab/8.5/x86_64
  MATLAB Version      : 8.5.0.197613 (R2015a)
  OpenGL              : software
  Operating System    : Linux 3.10.0-693.11.6.el7.x86_64 #1 SMP Thu Jan 4 01:06:37 UTC 2018 x86_64
  Processor ID        : x86 Family 6 Model 94 Stepping 3, GenuineIntel
  Window System       : No active display

Fault Count: 1


Abnormal termination:
Segmentation violation

Register State (from fault):
  RAX = 00002ae48fc31a50  RBX = 0000000000c2c5c8
  RCX = 00002ae491322300  RDX = 0000000000000000
  RSP = 00002ae4aff52cb0  RBP = 00002ae4aff52cc0
  RSI = 00002ae4aff52cf8  RDI = 0000000000cde0f0

   R8 = 00002ae4bc0def88   R9 = 00000000000002aa
  R10 = 00002ae4aff52dd0  R11 = 0000000000000206
  R12 = 00002ae48fc31a50  R13 = 00002ae4bc0defb0
  R14 = 00002ae4bc0defd8  R15 = 0000000000000012

  RIP = 00002ae48f841513  EFL = 0000000000010202

   CS = 0033   FS = 0000   GS = 0000

Stack Trace (from fault):
[  0] 0x00002ae48f841513 /cluster/apps/matlab/8.5/x86_64/bin/glnxa64/libmwservices.so+02348307 _ZN16LMIsBusyRegistry17isLMAnyModuleBusyEv+00000035
[  1] 0x00002ae48f857cd8 /cluster/apps/matlab/8.5/x86_64/bin/glnxa64/libmwservices.so+02440408
[  2] 0x00002ae48f857f0b /cluster/apps/matlab/8.5/x86_64/bin/glnxa64/libmwservices.so+02440971
[  3] 0x00002ae48f858323 /cluster/apps/matlab/8.5/x86_64/bin/glnxa64/libmwservices.so+02442019
[  4] 0x00002ae492cb6409 /cluster/apps/matlab/8.5/x86_64/bin/glnxa64/libboost_thread.so.1.49.0+00058377
[  5] 0x00002ae491112e25                             /lib64/libpthread.so.0+00032293
[  6] 0x00002ae49141f34d                                   /lib64/libc.so.6+01016653 clone+00000109
[  7] 0x0000000000000000                                   <unknown-module>+00000000


If this problem is reproducible, please submit a Service Request via:
    http://www.mathworks.com/support/contact_us/

A technical support engineer might contact you with further information.

Thank you for your help.** This crash report has been saved to disk as /cluster/home/carlosme/matlab_crash_dump.2777-1 **



MATLAB is exiting because of fatal error
/cluster/shadow/.lsbatch/1516270383.55862513: line 8:  2777 Killed                  matlab -nodisplay -nojvm -singleCompThread -r DynLSymmetry_02
