Sender: LSF System <lsfadmin@eu-ms-010-38>
Subject: Job 56314946: <matlab -nodisplay -nojvm -singleCompThread -r DynLSymmetry_02> in cluster <euler> Done

Job <matlab -nodisplay -nojvm -singleCompThread -r DynLSymmetry_02> was submitted from host <eu-login-06> by user <carlosme> in cluster <euler> at Thu Jan 25 18:45:18 2018.
Job was executed on host(s) <eu-ms-010-38>, in queue <normal.120h>, as user <carlosme> in cluster <euler> at Thu Jan 25 18:46:03 2018.
</cluster/home/carlosme> was used as the home directory.
</cluster/home/carlosme/Symmetry/M0.3> was used as the working directory.
Started at Thu Jan 25 18:46:03 2018.
Terminated at Fri Jan 26 12:24:32 2018.
Results reported at Fri Jan 26 12:24:32 2018.

Your job looked like:

------------------------------------------------------------
# LSBATCH: User input
matlab -nodisplay -nojvm -singleCompThread -r DynLSymmetry_02
------------------------------------------------------------

Successfully completed.

Resource usage summary:

    CPU time :                                   65085.53 sec.
    Max Memory :                                 150 MB
    Average Memory :                             146.87 MB
    Total Requested Memory :                     1024.00 MB
    Delta Memory :                               874.00 MB
    Max Swap :                                   -
    Max Processes :                              3
    Max Threads :                                9
    Run time :                                   63522 sec.
    Turnaround time :                            63554 sec.

The output (if any) follows:


                            < M A T L A B (R) >
                  Copyright 1984-2015 The MathWorks, Inc.
                   R2015a (8.5.0.197613) 64-bit (glnxa64)
                             February 12, 2015

 
For online documentation, see http://www.mathworks.com/support
For product information, visit www.mathworks.com.
 

	Academic License

>> Your MATLAB session has timed out.  All license keys have been returned.


PS:

Read file <56314946.err> for stderr output of this job.

